2022-07-08T10:44:40.3187408 500 : [{"timestamp":"2022-07-08T14:44:40.268+00:00","status":500,"error":"Internal Server Error","message":"No message available","path":"/transfers"}]
2022-07-08T10:59:40.6808917 500 : [{"timestamp":"2022-07-08T14:59:40.663+00:00","status":500,"error":"Internal Server Error","message":"No message available","path":"/transfers"}]
2022-07-08T11:09:01.6118431 500 : [{"timestamp":"2022-07-08T15:09:01.596+00:00","status":500,"error":"Internal Server Error","message":"No message available","path":"/transfers"}]
2022-07-08T11:10:32.9440861 500 : [{"timestamp":"2022-07-08T15:10:32.912+00:00","status":500,"error":"Internal Server Error","message":"No message available","path":"/transfers"}]
2022-07-08T11:13:15.4787964 500 : [{"timestamp":"2022-07-08T15:13:15.446+00:00","status":500,"error":"Internal Server Error","message":"No message available","path":"/transfers"}]
2022-07-08T11:15:30.9983238 500 : [{"timestamp":"2022-07-08T15:15:30.967+00:00","status":500,"error":"Internal Server Error","message":"No message available","path":"/transfers"}]
2022-07-08T11:20:03.3857469 500 : [{"timestamp":"2022-07-08T15:20:03.358+00:00","status":500,"error":"Internal Server Error","message":"No DataSource set","path":"/transfers"}]
2022-07-08T11:28:36.1385629 500 : [{"timestamp":"2022-07-08T15:28:36.106+00:00","status":500,"error":"Internal Server Error","message":"PreparedStatementCallback; bad SQL grammar [INSERT INTO transfer(transfer_id transfer_type_id, tran... (427 bytes)]
2022-07-08T12:05:31.8788057 400 : [{"timestamp":"2022-07-08T16:05:31.847+00:00","status":400,"error":"Bad Request","message":"User registration failed.","path":"/register"}]
2022-07-08T12:37:44.0240321 500 : [{"timestamp":"2022-07-08T16:37:43.996+00:00","status":500,"error":"Internal Server Error","message":"Invalid cursor position; nested exception is java.sql.SQLException: Invalid cursor position","path":"/users/1004"}]
2022-07-08T12:37:44.1345946 500 : [{"timestamp":"2022-07-08T16:37:44.132+00:00","status":500,"error":"Internal Server Error","message":"PreparedStatementCallback; SQL [INSERT INTO transfer(transfer_id, transfer_type_id, transfer_status... (703 bytes)]
2022-07-08T12:48:03.3407819 500 : [{"timestamp":"2022-07-08T16:48:03.325+00:00","status":500,"error":"Internal Server Error","message":"Invalid cursor position; nested exception is java.sql.SQLException: Invalid cursor position","path":"/users/1005"}]
2022-07-08T12:48:03.3722818 500 : [{"timestamp":"2022-07-08T16:48:03.356+00:00","status":500,"error":"Internal Server Error","message":"PreparedStatementCallback; SQL [INSERT INTO transfer(transfer_id, transfer_type_id, transfer_status... (703 bytes)]
2022-07-08T14:59:30.1028079 500 : [{"timestamp":"2022-07-08T18:59:30.063+00:00","status":500,"error":"Internal Server Error","message":"PreparedStatementCallback; SQL [INSERT INTO transfer(transfer_id, transfer_type_id, transfer_status... (703 bytes)]
2022-07-08T15:33:03.6366712 500 : [{"timestamp":"2022-07-08T19:33:03.611+00:00","status":500,"error":"Internal Server Error","message":"PreparedStatementCallback; SQL [INSERT INTO transfer(transfer_id, transfer_type_id, transfer_status... (711 bytes)]
2022-07-08T15:35:43.9582079 500 : [{"timestamp":"2022-07-08T19:35:43.941+00:00","status":500,"error":"Internal Server Error","message":"PreparedStatementCallback; SQL [INSERT INTO transfer(transfer_id, transfer_type_id, transfer_status... (711 bytes)]
2022-07-08T15:38:26.7167114 500 : [{"timestamp":"2022-07-08T19:38:26.676+00:00","status":500,"error":"Internal Server Error","message":"PreparedStatementCallback; SQL [INSERT INTO transfer(transfer_id, transfer_type_id, transfer_status... (711 bytes)]
2022-07-08T15:54:03.3409346 400 : [{"timestamp":"2022-07-08T19:54:03.294+00:00","status":400,"error":"Bad Request","message":"Required request body is missing: public com.techelevator.tenmo.model.Transfer com.techelevator.tenmo.controller.TransferController.addTransfer(com.techelevator.tenmo.model.Transfer)","path":"/transfers"}]
2022-07-08T15:54:13.2798751 500 : [{"timestamp":"2022-07-08T19:54:13.264+00:00","status":500,"error":"Internal Server Error","message":"PreparedStatementCallback; SQL [INSERT INTO transfer(transfer_id, transfer_type_id, transfer_status... (697 bytes)]
2022-07-08T15:54:21.4409689 400 : [{"timestamp":"2022-07-08T19:54:21.424+00:00","status":400,"error":"Bad Request","message":"Required request body is missing: public com.techelevator.tenmo.model.Transfer com.techelevator.tenmo.controller.TransferController.addTransfer(com.techelevator.tenmo.model.Transfer)","path":"/transfers"}]
2022-07-08T15:55:20.889892 400 : [{"timestamp":"2022-07-08T19:55:20.858+00:00","status":400,"error":"Bad Request","message":"Required request body is missing: public com.techelevator.tenmo.model.Transfer com.techelevator.tenmo.controller.TransferController.addTransfer(com.techelevator.tenmo.model.Transfer)","path":"/transfers"}]
